[eradicate-fibroid-cyst-tumor.netlify.app/indexf965.html]
[backblue.gif]
[fade.gif]
[index.html]
[cdn.jsdelivr.net/npm/bootstrap@4.5.3/dist/css/bootstrap.min.css]
[maxcdn.bootstrapcdn.com/font-awesome/4.5.0/css/font-awesome.min.css]
[eradicate-fibroid-cyst-tumor.netlify.app/blives.xyz/index.3.delayed]
[eradicate-fibroid-cyst-tumor.netlify.app/boblives.css]
[code.jquery.com/jquery-3.5.1.min.js]
[cdn.jsdelivr.net/npm/bootstrap@4.5.3/dist/js/bootstrap.min.js]
[eradicate-fibroid-cyst-tumor.netlify.app/index.html]
[eradicate-fibroid-cyst-tumor.netlify.app/img/logogo.png]
[eradicate-fibroid-cyst-tumor.netlify.app/blog.html]
[eradicate-fibroid-cyst-tumor.netlify.app/about.html]
[eradicate-fibroid-cyst-tumor.netlify.app/img/fstat.jpg]
[eradicate-fibroid-cyst-tumor.netlify.app/img/wfibroid.jpg]
[eradicate-fibroid-cyst-tumor.netlify.app/img/fibrax.jpg]
[eradicate-fibroid-cyst-tumor.netlify.app/img/whatsapp.png]
[eradicate-fibroid-cyst-tumor.netlify.app/img/fib.jpg]
[eradicate-fibroid-cyst-tumor.netlify.app/img/blood.jpg]
[eradicate-fibroid-cyst-tumor.netlify.app/img/mum.jpg]
[eradicate-fibroid-cyst-tumor.netlify.app/img/bsis.jpg]
[eradicate-fibroid-cyst-tumor.netlify.app/img/punch.png]
[eradicate-fibroid-cyst-tumor.netlify.app/img/uteruss.14.delayed]
[eradicate-fibroid-cyst-tumor.netlify.app/img/stamp.15.delayed]
[eradicate-fibroid-cyst-tumor.netlify.app/indexf965.html]
[www.googletagmanager.com/gtm5445.html]
[cdn.jsdelivr.net/npm/bootstrap@4.5.3/dist/css/bootstrap.min.css]
[maxcdn.bootstrapcdn.com/font-awesome/4.5.0/css/font-awesome.min.css]
[eradicate-fibroid-cyst-tumor.netlify.app/blives.xyz/index.html]
[eradicate-fibroid-cyst-tumor.netlify.app/boblives.css]
[eradicate-fibroid-cyst-tumor.netlify.app/index.html]
[eradicate-fibroid-cyst-tumor.netlify.app/blives.xyz/blog.16.delayed]
[eradicate-fibroid-cyst-tumor.netlify.app/blives.css]
[eradicate-fibroid-cyst-tumor.netlify.app/blogr.18.delayed]
[eradicate-fibroid-cyst-tumor.netlify.app/blogc.19.delayed]
[eradicate-fibroid-cyst-tumor.netlify.app/blogd.1a.delayed]
[eradicate-fibroid-cyst-tumor.netlify.app/blogf.html]
[eradicate-fibroid-cyst-tumor.netlify.app/img/tfake.jpg]
[eradicate-fibroid-cyst-tumor.netlify.app/img/police.png]
[eradicate-fibroid-cyst-tumor.netlify.app/blog.html]
[eradicate-fibroid-cyst-tumor.netlify.app/blives.xyz/about.1f.delayed]
[eradicate-fibroid-cyst-tumor.netlify.app/about.html]
[eradicate-fibroid-cyst-tumor.netlify.app/img/uteruss.html]
[eradicate-fibroid-cyst-tumor.netlify.app/img/stamp.html]
[eradicate-fibroid-cyst-tumor.netlify.app/blives.xyz/blog.html]
[eradicate-fibroid-cyst-tumor.netlify.app/blives.css]
[eradicate-fibroid-cyst-tumor.netlify.app/blogr.html]
[eradicate-fibroid-cyst-tumor.netlify.app/blogc.html]
[eradicate-fibroid-cyst-tumor.netlify.app/blogd.html]
[eradicate-fibroid-cyst-tumor.netlify.app/blogf.html]
[eradicate-fibroid-cyst-tumor.netlify.app/blives.xyz/about.html]
[eradicate-fibroid-cyst-tumor.netlify.app/bloge.html]
[eradicate-fibroid-cyst-tumor.netlify.app/blives.xyz/bloge.20.delayed]
[eradicate-fibroid-cyst-tumor.netlify.app/index-2.html]
[eradicate-fibroid-cyst-tumor.netlify.app/blog.blives.22.delayed]
[eradicate-fibroid-cyst-tumor.netlify.app/bloge.html]
[eradicate-fibroid-cyst-tumor.netlify.app/blives.xyz/bloge.html]
[eradicate-fibroid-cyst-tumor.netlify.app/index-2.html]
[eradicate-fibroid-cyst-tumor.netlify.app/blog.blives.html]
